# JRE version: OpenJDK Runtime Environment (8.0_242-b01) (build 1.8.0_242-release-1644-b01)
# Java VM: OpenJDK 64-Bit Server VM (25.242-b01 mixed mode windows-amd64 compressed oops)
Heap:
 PSYoungGen      total 232448K, used 93626K [0x00000000e0000000, 0x00000000f6c00000, 0x0000000100000000)
  eden space 220160K, 37% used [0x00000000e0000000,0x00000000e4fb2438,0x00000000ed700000)
  from space 12288K, 97% used [0x00000000edd00000,0x00000000ee8bc728,0x00000000ee900000)
  to   space 76288K, 0% used [0x00000000f2180000,0x00000000f2180000,0x00000000f6c00000)
 ParOldGen       total 274432K, used 192527K [0x00000000a0000000, 0x00000000b0c00000, 0x00000000e0000000)
  object space 274432K, 70% used [0x00000000a0000000,0x00000000abc03e28,0x00000000b0c00000)
 Metaspace       used 118553K, capacity 127776K, committed 127912K, reserved 1161216K
  class space    used 15170K, capacity 16751K, committed 16816K, reserved 1048576K
GC Heap History (10 events):
Event: 12693.472 GC heap before
{Heap before GC invocations=53 (full 4):
 PSYoungGen      total 329216K, used 272677K [0x00000000e0000000, 0x00000000fa000000, 0x0000000100000000)
  eden space 252928K, 99% used [0x00000000e0000000,0x00000000ef665c98,0x00000000ef700000)
  from space 76288K, 26% used [0x00000000f5580000,0x00000000f69638c0,0x00000000fa000000)
  to   space 86528K, 0% used [0x00000000ef700000,0x00000000ef700000,0x00000000f4b80000)
 ParOldGen       total 274432K, used 192067K [0x00000000a0000000, 0x00000000b0c00000, 0x00000000e0000000)
  object space 274432K, 69% used [0x00000000a0000000,0x00000000abb90db8,0x00000000b0c00000)
 Metaspace       used 118042K, capacity 126766K, committed 127016K, reserved 1159168K
  class space    used 15102K, capacity 16628K, committed 16688K, reserved 1048576K
Event: 12693.501 GC heap after
Heap after GC invocations=53 (full 4):
 PSYoungGen      total 269824K, used 23664K [0x00000000e0000000, 0x00000000f9300000, 0x0000000100000000)
  eden space 245760K, 0% used [0x00000000e0000000,0x00000000e0000000,0x00000000ef000000)
  from space 24064K, 98% used [0x00000000ef700000,0x00000000f0e1c2f8,0x00000000f0e80000)
  to   space 83456K, 0% used [0x00000000f4180000,0x00000000f4180000,0x00000000f9300000)
 ParOldGen       total 274432K, used 192147K [0x00000000a0000000, 0x00000000b0c00000, 0x00000000e0000000)
  object space 274432K, 70% used [0x00000000a0000000,0x00000000abba4db8,0x00000000b0c00000)
 Metaspace       used 118042K, capacity 126766K, committed 127016K, reserved 1159168K
  class space    used 15102K, capacity 16628K, committed 16688K, reserved 1048576K
}
Event: 12793.690 GC heap before
{Heap before GC invocations=54 (full 4):
 PSYoungGen      total 269824K, used 269424K [0x00000000e0000000, 0x00000000f9300000, 0x0000000100000000)
  eden space 245760K, 100% used [0x00000000e0000000,0x00000000ef000000,0x00000000ef000000)
  from space 24064K, 98% used [0x00000000ef700000,0x00000000f0e1c2f8,0x00000000f0e80000)
  to   space 83456K, 0% used [0x00000000f4180000,0x00000000f4180000,0x00000000f9300000)
 ParOldGen       total 274432K, used 192147K [0x00000000a0000000, 0x00000000b0c00000, 0x00000000e0000000)
  object space 274432K, 70% used [0x00000000a0000000,0x00000000abba4db8,0x00000000b0c00000)
 Metaspace       used 118204K, capacity 127126K, committed 127272K, reserved 1159168K
  class space    used 15123K, capacity 16666K, committed 16688K, reserved 1048576K
Event: 12793.720 GC heap after
Heap after GC invocations=54 (full 4):
 PSYoungGen      total 310784K, used 19634K [0x00000000e0000000, 0x00000000f8780000, 0x0000000100000000)
  eden space 239104K, 0% used [0x00000000e0000000,0x00000000e0000000,0x00000000ee980000)
  from space 71680K, 27% used [0x00000000f4180000,0x00000000f54acbb0,0x00000000f8780000)
  to   space 80896K, 0% used [0x00000000ee980000,0x00000000ee980000,0x00000000f3880000)
 ParOldGen       total 274432K, used 192259K [0x00000000a0000000, 0x00000000b0c00000, 0x00000000e0000000)
  object space 274432K, 70% used [0x00000000a0000000,0x00000000abbc0db8,0x00000000b0c00000)
 Metaspace       used 118204K, capacity 127126K, committed 127272K, reserved 1159168K
  class space    used 15123K, capacity 16666K, committed 16688K, reserved 1048576K
}
Event: 12995.096 GC heap before
{Heap before GC invocations=55 (full 4):
 PSYoungGen      total 310784K, used 258738K [0x00000000e0000000, 0x00000000f8780000, 0x0000000100000000)
  eden space 239104K, 100% used [0x00000000e0000000,0x00000000ee980000,0x00000000ee980000)
  from space 71680K, 27% used [0x00000000f4180000,0x00000000f54acbb0,0x00000000f8780000)
  to   space 80896K, 0% used [0x00000000ee980000,0x00000000ee980000,0x00000000f3880000)
 ParOldGen       total 274432K, used 192259K [0x00000000a0000000, 0x00000000b0c00000, 0x00000000e0000000)
  object space 274432K, 70% used [0x00000000a0000000,0x00000000abbc0db8,0x00000000b0c00000)
 Metaspace       used 118225K, capacity 127138K, committed 127272K, reserved 1159168K
  class space    used 15124K, capacity 16668K, committed 16688K, reserved 1048576K
Event: 12995.155 GC heap after
Heap after GC invocations=55 (full 4):
 PSYoungGen      total 242688K, used 9926K [0x00000000e0000000, 0x00000000f7f00000, 0x0000000100000000)
  eden space 232448K, 0% used [0x00000000e0000000,0x00000000e0000000,0x00000000ee300000)
  from space 10240K, 96% used [0x00000000ee980000,0x00000000ef3318e8,0x00000000ef380000)
  to   space 79872K, 0% used [0x00000000f3100000,0x00000000f3100000,0x00000000f7f00000)
 ParOldGen       total 274432K, used 192275K [0x00000000a0000000, 0x00000000b0c00000, 0x00000000e0000000)
  object space 274432K, 70% used [0x00000000a0000000,0x00000000abbc4db8,0x00000000b0c00000)
 Metaspace       used 118225K, capacity 127138K, committed 127272K, reserved 1159168K
  class space    used 15124K, capacity 16668K, committed 16688K, reserved 1048576K
}
Event: 12996.269 GC heap before
{Heap before GC invocations=56 (full 4):
 PSYoungGen      total 242688K, used 242374K [0x00000000e0000000, 0x00000000f7f00000, 0x0000000100000000)
  eden space 232448K, 100% used [0x00000000e0000000,0x00000000ee300000,0x00000000ee300000)
  from space 10240K, 96% used [0x00000000ee980000,0x00000000ef3318e8,0x00000000ef380000)
  to   space 79872K, 0% used [0x00000000f3100000,0x00000000f3100000,0x00000000f7f00000)
 ParOldGen       total 274432K, used 192275K [0x00000000a0000000, 0x00000000b0c00000, 0x00000000e0000000)
  object space 274432K, 70% used [0x00000000a0000000,0x00000000abbc4db8,0x00000000b0c00000)
 Metaspace       used 118324K, capacity 127274K, committed 127400K, reserved 1159168K
  class space    used 15136K, capacity 16690K, committed 16816K, reserved 1048576K
Event: 12996.289 GC heap after
Heap after GC invocations=56 (full 4):
 PSYoungGen      total 296960K, used 9504K [0x00000000e0000000, 0x00000000f7600000, 0x0000000100000000)
  eden space 226304K, 0% used [0x00000000e0000000,0x00000000e0000000,0x00000000edd00000)
  from space 70656K, 13% used [0x00000000f3100000,0x00000000f3a48370,0x00000000f7600000)
  to   space 78336K, 0% used [0x00000000edd00000,0x00000000edd00000,0x00000000f2980000)
 ParOldGen       total 274432K, used 192495K [0x00000000a0000000, 0x00000000b0c00000, 0x00000000e0000000)
  object space 274432K, 70% used [0x00000000a0000000,0x00000000abbfbe28,0x00000000b0c00000)
 Metaspace       used 118324K, capacity 127274K, committed 127400K, reserved 1159168K
  class space    used 15136K, capacity 16690K, committed 16816K, reserved 1048576K
}
Event: 12999.321 GC heap before
{Heap before GC invocations=57 (full 4):
 PSYoungGen      total 296960K, used 235808K [0x00000000e0000000, 0x00000000f7600000, 0x0000000100000000)
  eden space 226304K, 100% used [0x00000000e0000000,0x00000000edd00000,0x00000000edd00000)
  from space 70656K, 13% used [0x00000000f3100000,0x00000000f3a48370,0x00000000f7600000)
  to   space 78336K, 0% used [0x00000000edd00000,0x00000000edd00000,0x00000000f2980000)
 ParOldGen       total 274432K, used 192495K [0x00000000a0000000, 0x00000000b0c00000, 0x00000000e0000000)
  object space 274432K, 70% used [0x00000000a0000000,0x00000000abbfbe28,0x00000000b0c00000)
 Metaspace       used 118483K, capacity 127568K, committed 127656K, reserved 1161216K
  class space    used 15163K, capacity 16739K, committed 16816K, reserved 1048576K
Event: 12999.343 GC heap after
Heap after GC invocations=57 (full 4):
 PSYoungGen      total 232448K, used 12017K [0x00000000e0000000, 0x00000000f6c00000, 0x0000000100000000)
  eden space 220160K, 0% used [0x00000000e0000000,0x00000000e0000000,0x00000000ed700000)
  from space 12288K, 97% used [0x00000000edd00000,0x00000000ee8bc728,0x00000000ee900000)
  to   space 76288K, 0% used [0x00000000f2180000,0x00000000f2180000,0x00000000f6c00000)
 ParOldGen       total 274432K, used 192527K [0x00000000a0000000, 0x00000000b0c00000, 0x00000000e0000000)
  object space 274432K, 70% used [0x00000000a0000000,0x00000000abc03e28,0x00000000b0c00000)
 Metaspace       used 118483K, capacity 127568K, committed 127656K, reserved 1161216K
  class space    used 15163K, capacity 16739K, committed 16816K, reserved 1048576K
}

